{"level":40,"time":1668719887839,"pid":26520,"hostname":"NB-006041","msg":"Ruta /login GET no implementada"}
{"level":40,"time":1668719894506,"pid":26520,"hostname":"NB-006041","msg":"Ruta /login GET no implementada"}
{"level":40,"time":1668719951296,"pid":26520,"hostname":"NB-006041","msg":"Ruta /login GET no implementada"}
{"level":40,"time":1668720036020,"pid":26520,"hostname":"NB-006041","msg":"Ruta /public GET no implementada"}
{"level":40,"time":1668720173142,"pid":10204,"hostname":"NB-006041","msg":"Ruta /public GET no implementada"}
{"level":40,"time":1668720177968,"pid":10204,"hostname":"NB-006041","msg":"Ruta /login GET no implementada"}
{"level":40,"time":1668720264780,"pid":20148,"hostname":"NB-006041","msg":"Ruta /login GET no implementada"}
{"level":40,"time":1668720300574,"pid":3896,"hostname":"NB-006041","msg":"Ruta /login GET no implementada"}
{"level":40,"time":1668720436167,"pid":3308,"hostname":"NB-006041","msg":"Ruta /login GET no implementada"}
{"level":40,"time":1668720658123,"pid":312,"hostname":"NB-006041","msg":"Ruta /login GET no implementada"}
{"level":40,"time":1668720676514,"pid":4740,"hostname":"NB-006041","msg":"Ruta /login GET no implementada"}
{"level":40,"time":1668720687383,"pid":4740,"hostname":"NB-006041","msg":"Ruta /login GET no implementada"}
{"level":40,"time":1668720812434,"pid":4740,"hostname":"NB-006041","msg":"Ruta /login GET no implementada"}
{"level":40,"time":1669328954844,"pid":17652,"hostname":"NB-006041","msg":"Ruta /css/style.css GET no implementada"}
{"level":40,"time":1669328955403,"pid":17652,"hostname":"NB-006041","msg":"Ruta /favicon.ico GET no implementada"}
{"level":40,"time":1669328962634,"pid":17652,"hostname":"NB-006041","msg":"Ruta /favicon.ico GET no implementada"}
{"level":40,"time":1669335842538,"pid":3996,"hostname":"NB-006041","msg":"Ruta /css/style.css GET no implementada"}
{"level":40,"time":1669335843074,"pid":3996,"hostname":"NB-006041","msg":"Ruta /favicon.ico GET no implementada"}
{"level":40,"time":1669335859559,"pid":3996,"hostname":"NB-006041","msg":"Ruta /uploadfile POST no implementada"}
{"level":40,"time":1669335859792,"pid":3996,"hostname":"NB-006041","msg":"Ruta /favicon.ico GET no implementada"}
{"level":40,"time":1669335905944,"pid":7224,"hostname":"NB-006041","msg":"Ruta /favicon.ico GET no implementada"}
{"level":40,"time":1669335909277,"pid":7224,"hostname":"NB-006041","msg":"Ruta /css/style.css GET no implementada"}
{"level":40,"time":1669335909485,"pid":7224,"hostname":"NB-006041","msg":"Ruta /favicon.ico GET no implementada"}
{"level":40,"time":1669335944395,"pid":10956,"hostname":"NB-006041","msg":"Ruta /favicon.ico GET no implementada"}
{"level":40,"time":1669335945862,"pid":10956,"hostname":"NB-006041","msg":"Ruta /css/style.css GET no implementada"}
{"level":40,"time":1669335946076,"pid":10956,"hostname":"NB-006041","msg":"Ruta /favicon.ico GET no implementada"}
{"level":40,"time":1669335953815,"pid":10956,"hostname":"NB-006041","msg":"Ruta /favicon.ico GET no implementada"}
{"level":40,"time":1669335966334,"pid":10956,"hostname":"NB-006041","msg":"Ruta /favicon.ico GET no implementada"}
{"level":40,"time":1669335972573,"pid":10956,"hostname":"NB-006041","msg":"Ruta /css/style.css GET no implementada"}
{"level":40,"time":1669335972777,"pid":10956,"hostname":"NB-006041","msg":"Ruta /favicon.ico GET no implementada"}
{"level":40,"time":1669345931008,"pid":15752,"hostname":"NB-006041","msg":"Ruta /css/style.css GET no implementada"}
{"level":40,"time":1669345931600,"pid":15752,"hostname":"NB-006041","msg":"Ruta /favicon.ico GET no implementada"}
{"level":40,"time":1669345946285,"pid":15752,"hostname":"NB-006041","msg":"Ruta /api/upload/uploadfile POST no implementada"}
{"level":40,"time":1669345946500,"pid":15752,"hostname":"NB-006041","msg":"Ruta /favicon.ico GET no implementada"}
{"level":40,"time":1669346027316,"pid":15752,"hostname":"NB-006041","msg":"Ruta /favicon.ico GET no implementada"}
{"level":40,"time":1669346029115,"pid":15752,"hostname":"NB-006041","msg":"Ruta /css/style.css GET no implementada"}
{"level":40,"time":1669346029315,"pid":15752,"hostname":"NB-006041","msg":"Ruta /favicon.ico GET no implementada"}
{"level":40,"time":1669346037185,"pid":15752,"hostname":"NB-006041","msg":"Ruta /favicon.ico GET no implementada"}
{"level":40,"time":1669346051686,"pid":15752,"hostname":"NB-006041","msg":"Ruta /favicon.ico GET no implementada"}
{"level":40,"time":1669347162749,"pid":9856,"hostname":"NB-006041","msg":"Ruta /css/style.css GET no implementada"}
{"level":40,"time":1669347163269,"pid":9856,"hostname":"NB-006041","msg":"Ruta /favicon.ico GET no implementada"}
{"level":40,"time":1669347180512,"pid":9856,"hostname":"NB-006041","msg":"Ruta /api/uploads/uploadfile POST no implementada"}
{"level":40,"time":1669347180726,"pid":9856,"hostname":"NB-006041","msg":"Ruta /favicon.ico GET no implementada"}
{"level":40,"time":1669347329442,"pid":13660,"hostname":"NB-006041","msg":"Ruta /favicon.ico GET no implementada"}
{"level":40,"time":1669347331453,"pid":13660,"hostname":"NB-006041","msg":"Ruta /css/style.css GET no implementada"}
{"level":40,"time":1669347331642,"pid":13660,"hostname":"NB-006041","msg":"Ruta /favicon.ico GET no implementada"}
{"level":40,"time":1669347590894,"pid":2368,"hostname":"NB-006041","msg":"Ruta /favicon.ico GET no implementada"}
{"level":40,"time":1669347591917,"pid":2368,"hostname":"NB-006041","msg":"Ruta /css/style.css GET no implementada"}
{"level":40,"time":1669347592107,"pid":2368,"hostname":"NB-006041","msg":"Ruta /favicon.ico GET no implementada"}
{"level":40,"time":1669348799048,"pid":14896,"hostname":"NB-006041","msg":"Ruta /css/style.css GET no implementada"}
{"level":40,"time":1669348799249,"pid":14896,"hostname":"NB-006041","msg":"Ruta /favicon.ico GET no implementada"}
{"level":40,"time":1669348827644,"pid":14896,"hostname":"NB-006041","msg":"Ruta /favicon.ico GET no implementada"}
{"level":40,"time":1669348845981,"pid":4512,"hostname":"NB-006041","msg":"Ruta /favicon.ico GET no implementada"}
{"level":40,"time":1669380245740,"pid":9396,"hostname":"NB-006041","msg":"Ruta /css/style.css GET no implementada"}
{"level":40,"time":1669380246261,"pid":9396,"hostname":"NB-006041","msg":"Ruta /favicon.ico GET no implementada"}
{"level":40,"time":1669380247884,"pid":9396,"hostname":"NB-006041","msg":"Ruta /css/style.css GET no implementada"}
{"level":40,"time":1669380248084,"pid":9396,"hostname":"NB-006041","msg":"Ruta /favicon.ico GET no implementada"}
{"level":40,"time":1669380286796,"pid":9396,"hostname":"NB-006041","msg":"Ruta /css/style.css GET no implementada"}
{"level":40,"time":1669380286985,"pid":9396,"hostname":"NB-006041","msg":"Ruta /favicon.ico GET no implementada"}
{"level":40,"time":1669380307614,"pid":9396,"hostname":"NB-006041","msg":"Ruta /css/style.css GET no implementada"}
{"level":40,"time":1669380307799,"pid":9396,"hostname":"NB-006041","msg":"Ruta /favicon.ico GET no implementada"}
{"level":40,"time":1669380398371,"pid":9396,"hostname":"NB-006041","msg":"Ruta /public/uploads/1669348827419-sin-volumen.png GET no implementada"}
{"level":40,"time":1669380398609,"pid":9396,"hostname":"NB-006041","msg":"Ruta /favicon.ico GET no implementada"}
{"level":40,"time":1669380442654,"pid":9396,"hostname":"NB-006041","msg":"Ruta /css/style.css GET no implementada"}
{"level":40,"time":1669380443733,"pid":9396,"hostname":"NB-006041","msg":"Ruta /favicon.ico GET no implementada"}
{"level":40,"time":1669380445482,"pid":9396,"hostname":"NB-006041","msg":"Ruta /css/style.css GET no implementada"}
{"level":40,"time":1669380445670,"pid":9396,"hostname":"NB-006041","msg":"Ruta /favicon.ico GET no implementada"}
{"level":40,"time":1669385271894,"pid":9396,"hostname":"NB-006041","msg":"Ruta /css/style.css GET no implementada"}
{"level":40,"time":1669385272284,"pid":9396,"hostname":"NB-006041","msg":"Ruta /favicon.ico GET no implementada"}
{"level":40,"time":1669385427845,"pid":17696,"hostname":"NB-006041","msg":"Ruta /css/style.css GET no implementada"}
{"level":40,"time":1669385428044,"pid":17696,"hostname":"NB-006041","msg":"Ruta /favicon.ico GET no implementada"}
{"level":40,"time":1669385580337,"pid":7144,"hostname":"NB-006041","msg":"Ruta /css/style.css GET no implementada"}
{"level":40,"time":1669385580549,"pid":7144,"hostname":"NB-006041","msg":"Ruta /favicon.ico GET no implementada"}
{"level":40,"time":1669385604945,"pid":7144,"hostname":"NB-006041","msg":"Ruta /css/style.css GET no implementada"}
{"level":40,"time":1669385605131,"pid":7144,"hostname":"NB-006041","msg":"Ruta /favicon.ico GET no implementada"}
{"level":40,"time":1669385610481,"pid":7144,"hostname":"NB-006041","msg":"Ruta /css/style.css GET no implementada"}
{"level":40,"time":1669385610670,"pid":7144,"hostname":"NB-006041","msg":"Ruta /favicon.ico GET no implementada"}
{"level":40,"time":1669389715788,"pid":1220,"hostname":"NB-006041","msg":"Ruta /css/style.css GET no implementada"}
{"level":40,"time":1669389716004,"pid":1220,"hostname":"NB-006041","msg":"Ruta /favicon.ico GET no implementada"}
{"level":40,"time":1669389757560,"pid":1220,"hostname":"NB-006041","msg":"Ruta /css/style.css GET no implementada"}
{"level":40,"time":1669389757753,"pid":1220,"hostname":"NB-006041","msg":"Ruta /favicon.ico GET no implementada"}
{"level":40,"time":1669389760193,"pid":1220,"hostname":"NB-006041","msg":"Ruta /css/style.css GET no implementada"}
{"level":40,"time":1669389760382,"pid":1220,"hostname":"NB-006041","msg":"Ruta /favicon.ico GET no implementada"}
{"level":40,"time":1669390313511,"pid":1220,"hostname":"NB-006041","msg":"Ruta /css/style.css GET no implementada"}
{"level":40,"time":1669390313703,"pid":1220,"hostname":"NB-006041","msg":"Ruta /favicon.ico GET no implementada"}
{"level":40,"time":1669390925905,"pid":1220,"hostname":"NB-006041","msg":"Ruta /favicon.ico GET no implementada"}
{"level":40,"time":1669390977265,"pid":1220,"hostname":"NB-006041","msg":"Ruta /favicon.ico GET no implementada"}
{"level":40,"time":1669391056379,"pid":1220,"hostname":"NB-006041","msg":"Ruta /css/style.css GET no implementada"}
{"level":40,"time":1669391056573,"pid":1220,"hostname":"NB-006041","msg":"Ruta /favicon.ico GET no implementada"}
{"level":40,"time":1669391062840,"pid":1220,"hostname":"NB-006041","msg":"Ruta /css/style.css GET no implementada"}
{"level":40,"time":1669391063065,"pid":1220,"hostname":"NB-006041","msg":"Ruta /favicon.ico GET no implementada"}
{"level":40,"time":1669391077731,"pid":1220,"hostname":"NB-006041","msg":"Ruta /favicon.ico GET no implementada"}
{"level":40,"time":1669392233350,"pid":21928,"hostname":"NB-006041","msg":"Ruta /css/style.css GET no implementada"}
{"level":40,"time":1669392234167,"pid":21928,"hostname":"NB-006041","msg":"Ruta /favicon.ico GET no implementada"}
{"level":40,"time":1669392240880,"pid":21928,"hostname":"NB-006041","msg":"Ruta /favicon.ico GET no implementada"}
{"level":40,"time":1669392316988,"pid":21928,"hostname":"NB-006041","msg":"Ruta /css/style.css GET no implementada"}
{"level":40,"time":1669392317182,"pid":21928,"hostname":"NB-006041","msg":"Ruta /favicon.ico GET no implementada"}
{"level":40,"time":1669392328388,"pid":21928,"hostname":"NB-006041","msg":"Ruta /favicon.ico GET no implementada"}
{"level":40,"time":1669392334368,"pid":21928,"hostname":"NB-006041","msg":"Ruta /public GET no implementada"}
{"level":40,"time":1669392334615,"pid":21928,"hostname":"NB-006041","msg":"Ruta /favicon.ico GET no implementada"}
{"level":40,"time":1669392344879,"pid":21928,"hostname":"NB-006041","msg":"Ruta /public/assets GET no implementada"}
{"level":40,"time":1669392345134,"pid":21928,"hostname":"NB-006041","msg":"Ruta /favicon.ico GET no implementada"}
{"level":40,"time":1669392351535,"pid":21928,"hostname":"NB-006041","msg":"Ruta /public/assets/img GET no implementada"}
{"level":40,"time":1669392351785,"pid":21928,"hostname":"NB-006041","msg":"Ruta /favicon.ico GET no implementada"}
{"level":40,"time":1669392360228,"pid":21928,"hostname":"NB-006041","msg":"Ruta /public/assets/img/sin-foto.jpg GET no implementada"}
{"level":40,"time":1669392360484,"pid":21928,"hostname":"NB-006041","msg":"Ruta /favicon.ico GET no implementada"}
{"level":40,"time":1669392435213,"pid":17760,"hostname":"NB-006041","msg":"Ruta /css/style.css GET no implementada"}
{"level":40,"time":1669392435417,"pid":17760,"hostname":"NB-006041","msg":"Ruta /favicon.ico GET no implementada"}
{"level":40,"time":1669392444103,"pid":17760,"hostname":"NB-006041","msg":"Ruta /favicon.ico GET no implementada"}
{"level":40,"time":1669392512829,"pid":17760,"hostname":"NB-006041","msg":"Ruta /public GET no implementada"}
{"level":40,"time":1669392513101,"pid":17760,"hostname":"NB-006041","msg":"Ruta /favicon.ico GET no implementada"}
{"level":40,"time":1669392515804,"pid":17760,"hostname":"NB-006041","msg":"Ruta /favicon.ico GET no implementada"}
{"level":40,"time":1669392579785,"pid":17760,"hostname":"NB-006041","msg":"Ruta /css/style.css GET no implementada"}
{"level":40,"time":1669392579985,"pid":17760,"hostname":"NB-006041","msg":"Ruta /favicon.ico GET no implementada"}
{"level":40,"time":1669392585294,"pid":17760,"hostname":"NB-006041","msg":"Ruta /assets/img/sin-foto.jpg GET no implementada"}
{"level":40,"time":1669392585464,"pid":17760,"hostname":"NB-006041","msg":"Ruta /favicon.ico GET no implementada"}
{"level":40,"time":1669392603871,"pid":17760,"hostname":"NB-006041","msg":"Ruta /public/assets/img/sin-foto.jpg GET no implementada"}
{"level":40,"time":1669392604050,"pid":17760,"hostname":"NB-006041","msg":"Ruta /favicon.ico GET no implementada"}
{"level":40,"time":1669392635711,"pid":17760,"hostname":"NB-006041","msg":"Ruta /public/assets/img/sin-foto.jpg GET no implementada"}
{"level":40,"time":1669392635887,"pid":17760,"hostname":"NB-006041","msg":"Ruta /favicon.ico GET no implementada"}
{"level":40,"time":1669392679391,"pid":17760,"hostname":"NB-006041","msg":"Ruta /css/style.css GET no implementada"}
{"level":40,"time":1669392679585,"pid":17760,"hostname":"NB-006041","msg":"Ruta /favicon.ico GET no implementada"}
{"level":40,"time":1669392685092,"pid":17760,"hostname":"NB-006041","msg":"Ruta /public/assets/img/sin-foto.jpg GET no implementada"}
{"level":40,"time":1669392685257,"pid":17760,"hostname":"NB-006041","msg":"Ruta /favicon.ico GET no implementada"}
{"level":40,"time":1669392710328,"pid":17760,"hostname":"NB-006041","msg":"Ruta /public/assets/img/sin-foto.jpg GET no implementada"}
{"level":40,"time":1669392710503,"pid":17760,"hostname":"NB-006041","msg":"Ruta /favicon.ico GET no implementada"}
{"level":40,"time":1669392756806,"pid":17760,"hostname":"NB-006041","msg":"Ruta /css/style.css GET no implementada"}
{"level":40,"time":1669392756999,"pid":17760,"hostname":"NB-006041","msg":"Ruta /favicon.ico GET no implementada"}
{"level":40,"time":1669392762647,"pid":17760,"hostname":"NB-006041","msg":"Ruta /public/assets/img/sin-foto.jpg GET no implementada"}
{"level":40,"time":1669392762818,"pid":17760,"hostname":"NB-006041","msg":"Ruta /favicon.ico GET no implementada"}
{"level":40,"time":1669392806156,"pid":17760,"hostname":"NB-006041","msg":"Ruta /public/assets/img/sin-foto.jpg GET no implementada"}
{"level":40,"time":1669392806468,"pid":17760,"hostname":"NB-006041","msg":"Ruta /public/assets/img/sinfoto.jpg GET no implementada"}
{"level":40,"time":1669392806548,"pid":17760,"hostname":"NB-006041","msg":"Ruta /favicon.ico GET no implementada"}
{"level":40,"time":1669392809612,"pid":17760,"hostname":"NB-006041","msg":"Ruta /public/assets/img/sin-foto.jpg GET no implementada"}
{"level":40,"time":1669392809619,"pid":17760,"hostname":"NB-006041","msg":"Ruta /public/assets/img/sinfoto.jpg GET no implementada"}
{"level":40,"time":1669392809794,"pid":17760,"hostname":"NB-006041","msg":"Ruta /favicon.ico GET no implementada"}
{"level":40,"time":1669392881672,"pid":17760,"hostname":"NB-006041","msg":"Ruta /css/style.css GET no implementada"}
{"level":40,"time":1669392881863,"pid":17760,"hostname":"NB-006041","msg":"Ruta /favicon.ico GET no implementada"}
{"level":40,"time":1669392887719,"pid":17760,"hostname":"NB-006041","msg":"Ruta /public/assets/img/sinfoto.jpg GET no implementada"}
{"level":40,"time":1669392887895,"pid":17760,"hostname":"NB-006041","msg":"Ruta /favicon.ico GET no implementada"}
{"level":40,"time":1669392890992,"pid":17760,"hostname":"NB-006041","msg":"Ruta /css/style.css GET no implementada"}
{"level":40,"time":1669392891174,"pid":17760,"hostname":"NB-006041","msg":"Ruta /favicon.ico GET no implementada"}
{"level":40,"time":1669393062505,"pid":17760,"hostname":"NB-006041","msg":"Ruta /public/assets/img/sinfoto.jpg GET no implementada"}
{"level":40,"time":1669393062524,"pid":17760,"hostname":"NB-006041","msg":"Ruta /localhost:8080/public/assets/img/sinfoto.jpg GET no implementada"}
{"level":40,"time":1669393062697,"pid":17760,"hostname":"NB-006041","msg":"Ruta /favicon.ico GET no implementada"}
{"level":40,"time":1669953556492,"pid":7768,"hostname":"NB-006041","msg":"Ruta /css/style.css GET no implementada"}
{"level":40,"time":1669953568081,"pid":7768,"hostname":"NB-006041","msg":"Ruta /favicon.ico GET no implementada"}
{"level":40,"time":1669953643178,"pid":19668,"hostname":"NB-006041","msg":"Ruta /favicon.ico GET no implementada"}
{"level":40,"time":1669953656917,"pid":4972,"hostname":"NB-006041","msg":"Ruta /favicon.ico GET no implementada"}
{"level":40,"time":1669953675980,"pid":23660,"hostname":"NB-006041","msg":"Ruta /favicon.ico GET no implementada"}
{"level":40,"time":1669953739474,"pid":21916,"hostname":"NB-006041","msg":"Ruta /favicon.ico GET no implementada"}
{"level":40,"time":1669953755777,"pid":17792,"hostname":"NB-006041","msg":"Ruta /favicon.ico GET no implementada"}
{"level":40,"time":1669953769602,"pid":8284,"hostname":"NB-006041","msg":"Ruta /favicon.ico GET no implementada"}
{"level":40,"time":1669953784216,"pid":23988,"hostname":"NB-006041","msg":"Ruta /favicon.ico GET no implementada"}
{"level":40,"time":1669953804954,"pid":19796,"hostname":"NB-006041","msg":"Ruta /favicon.ico GET no implementada"}
{"level":40,"time":1669953817485,"pid":23592,"hostname":"NB-006041","msg":"Ruta /favicon.ico GET no implementada"}
{"level":40,"time":1669985006005,"pid":20984,"hostname":"NB-006041","msg":"Ruta /favicon.ico GET no implementada"}
{"level":40,"time":1669988475923,"pid":21176,"hostname":"NB-006041","msg":"Ruta /favicon.ico GET no implementada"}
{"level":40,"time":1669988603233,"pid":24192,"hostname":"NB-006041","msg":"Ruta /favicon.ico GET no implementada"}
{"level":40,"time":1669988604984,"pid":24192,"hostname":"NB-006041","msg":"Ruta /favicon.ico GET no implementada"}
{"level":40,"time":1669989146147,"pid":22496,"hostname":"NB-006041","msg":"Ruta /favicon.ico GET no implementada"}
{"level":40,"time":1669989147370,"pid":22496,"hostname":"NB-006041","msg":"Ruta /favicon.ico GET no implementada"}
{"level":40,"time":1669989148631,"pid":22496,"hostname":"NB-006041","msg":"Ruta /favicon.ico GET no implementada"}
{"level":40,"time":1669989739292,"pid":16456,"hostname":"NB-006041","msg":"Ruta /favicon.ico GET no implementada"}
{"level":40,"time":1669989740431,"pid":16456,"hostname":"NB-006041","msg":"Ruta /favicon.ico GET no implementada"}
{"level":40,"time":1669989741255,"pid":16456,"hostname":"NB-006041","msg":"Ruta /favicon.ico GET no implementada"}
{"level":40,"time":1669990009558,"pid":16456,"hostname":"NB-006041","msg":"Ruta /favicon.ico GET no implementada"}
{"level":40,"time":1669990027249,"pid":21120,"hostname":"NB-006041","msg":"Ruta /favicon.ico GET no implementada"}
{"level":40,"time":1669990348604,"pid":7832,"hostname":"NB-006041","msg":"Ruta /favicon.ico GET no implementada"}
{"level":40,"time":1669991073476,"pid":24452,"hostname":"NB-006041","msg":"Ruta /favicon.ico GET no implementada"}
{"level":40,"time":1669998715248,"pid":5736,"hostname":"NB-006041","msg":"Ruta /favicon.ico GET no implementada"}
{"level":40,"time":1670000138351,"pid":17324,"hostname":"NB-006041","msg":"Ruta /favicon.ico GET no implementada"}
{"level":40,"time":1670001164699,"pid":24412,"hostname":"NB-006041","msg":"Ruta /favicon.ico GET no implementada"}
{"level":40,"time":1670001212237,"pid":24412,"hostname":"NB-006041","msg":"Ruta /favicon.ico GET no implementada"}
{"level":40,"time":1670001436940,"pid":14236,"hostname":"NB-006041","msg":"Ruta /favicon.ico GET no implementada"}
{"level":40,"time":1670006131299,"pid":156,"hostname":"NB-006041","msg":"Ruta /favicon.ico GET no implementada"}
{"level":40,"time":1670007417569,"pid":23296,"hostname":"NB-006041","msg":"Ruta /favicon.ico GET no implementada"}
{"level":40,"time":1670008100995,"pid":19288,"hostname":"NB-006041","msg":"Ruta /favicon.ico GET no implementada"}
{"level":40,"time":1670021380474,"pid":25432,"hostname":"NB-006041","msg":"Ruta /favicon.ico GET no implementada"}
{"level":40,"time":1670025851476,"pid":22344,"hostname":"NB-006041","msg":"Ruta /favicon.ico GET no implementada"}
{"level":40,"time":1670025935968,"pid":12228,"hostname":"NB-006041","msg":"Ruta /favicon.ico GET no implementada"}
{"level":40,"time":1670026125423,"pid":3040,"hostname":"NB-006041","msg":"Ruta /favicon.ico GET no implementada"}
{"level":40,"time":1670027355718,"pid":3040,"hostname":"NB-006041","msg":"Ruta /favicon.ico GET no implementada"}
{"level":40,"time":1670027435699,"pid":24572,"hostname":"NB-006041","msg":"Ruta /favicon.ico GET no implementada"}
{"level":40,"time":1670027708271,"pid":24572,"hostname":"NB-006041","msg":"Ruta /favicon.ico GET no implementada"}
{"level":40,"time":1670028040245,"pid":9692,"hostname":"NB-006041","msg":"Ruta /favicon.ico GET no implementada"}
{"level":40,"time":1670032305967,"pid":6888,"hostname":"NB-006041","msg":"Ruta /favicon.ico GET no implementada"}
{"level":40,"time":1670032308869,"pid":6888,"hostname":"NB-006041","msg":"Ruta /favicon.ico GET no implementada"}
{"level":40,"time":1670035744424,"pid":14108,"hostname":"NB-006041","msg":"Ruta /favicon.ico GET no implementada"}
{"level":40,"time":1670035827111,"pid":17292,"hostname":"NB-006041","msg":"Ruta /favicon.ico GET no implementada"}
{"level":40,"time":1670035830227,"pid":17292,"hostname":"NB-006041","msg":"Ruta /favicon.ico GET no implementada"}
{"level":40,"time":1670035831348,"pid":17292,"hostname":"NB-006041","msg":"Ruta /favicon.ico GET no implementada"}
{"level":40,"time":1670035832271,"pid":17292,"hostname":"NB-006041","msg":"Ruta /favicon.ico GET no implementada"}
{"level":40,"time":1670035832874,"pid":17292,"hostname":"NB-006041","msg":"Ruta /favicon.ico GET no implementada"}
{"level":40,"time":1670035833571,"pid":17292,"hostname":"NB-006041","msg":"Ruta /favicon.ico GET no implementada"}
{"level":40,"time":1670035866633,"pid":24868,"hostname":"NB-006041","msg":"Ruta /favicon.ico GET no implementada"}
{"level":40,"time":1670035868330,"pid":24868,"hostname":"NB-006041","msg":"Ruta /favicon.ico GET no implementada"}
{"level":40,"time":1670035868912,"pid":24868,"hostname":"NB-006041","msg":"Ruta /favicon.ico GET no implementada"}
{"level":40,"time":1670035874375,"pid":24868,"hostname":"NB-006041","msg":"Ruta /api/productoss GET no implementada"}
{"level":40,"time":1670035874665,"pid":24868,"hostname":"NB-006041","msg":"Ruta /favicon.ico GET no implementada"}
{"level":40,"time":1670035878440,"pid":24868,"hostname":"NB-006041","msg":"Ruta /favicon.ico GET no implementada"}
{"level":40,"time":1670037257223,"pid":25928,"hostname":"NB-006041","msg":"Ruta /favicon.ico GET no implementada"}
{"level":40,"time":1670113209667,"pid":23868,"hostname":"NB-006041","msg":"Ruta /favicon.ico GET no implementada"}
{"level":40,"time":1670113246738,"pid":23868,"hostname":"NB-006041","msg":"Ruta /favicon.ico GET no implementada"}
{"level":40,"time":1670454181931,"pid":17324,"hostname":"NB-006041","msg":"Ruta /css/style.css GET no implementada"}
{"level":40,"time":1670454182743,"pid":17324,"hostname":"NB-006041","msg":"Ruta /favicon.ico GET no implementada"}
{"level":40,"time":1670454196744,"pid":17324,"hostname":"NB-006041","msg":"Ruta /api/mensajes GET no implementada"}
{"level":40,"time":1670454197054,"pid":17324,"hostname":"NB-006041","msg":"Ruta /favicon.ico GET no implementada"}
{"level":40,"time":1670454224075,"pid":17324,"hostname":"NB-006041","msg":"Ruta /favicon.ico GET no implementada"}
{"level":40,"time":1670454233202,"pid":17324,"hostname":"NB-006041","msg":"Ruta /favicon.ico GET no implementada"}
{"level":40,"time":1670454311624,"pid":30908,"hostname":"NB-006041","msg":"Ruta /favicon.ico GET no implementada"}
{"level":40,"time":1670454360460,"pid":27792,"hostname":"NB-006041","msg":"Ruta /favicon.ico GET no implementada"}
{"level":40,"time":1670454956055,"pid":8752,"hostname":"NB-006041","msg":"Ruta /favicon.ico GET no implementada"}
{"level":40,"time":1670454964283,"pid":8752,"hostname":"NB-006041","msg":"Ruta /favicon.ico GET no implementada"}
{"level":40,"time":1670454979855,"pid":8752,"hostname":"NB-006041","msg":"Ruta /favicon.ico GET no implementada"}
{"level":40,"time":1670454982200,"pid":8752,"hostname":"NB-006041","msg":"Ruta /favicon.ico GET no implementada"}
{"level":40,"time":1670454986508,"pid":8752,"hostname":"NB-006041","msg":"Ruta /favicon.ico GET no implementada"}
{"level":40,"time":1670454991508,"pid":8752,"hostname":"NB-006041","msg":"Ruta /favicon.ico GET no implementada"}
{"level":40,"time":1670454993483,"pid":8752,"hostname":"NB-006041","msg":"Ruta /favicon.ico GET no implementada"}
{"level":40,"time":1670455003309,"pid":3372,"hostname":"NB-006041","msg":"Ruta /favicon.ico GET no implementada"}
{"level":40,"time":1670455031268,"pid":8752,"hostname":"NB-006041","msg":"Ruta /favicon.ico GET no implementada"}
{"level":40,"time":1671150645114,"pid":20044,"hostname":"NB-006041","msg":"Ruta /css/style.css GET no implementada"}
{"level":40,"time":1671150645937,"pid":20044,"hostname":"NB-006041","msg":"Ruta /favicon.ico GET no implementada"}
{"level":40,"time":1671150650518,"pid":20044,"hostname":"NB-006041","msg":"Ruta /css/style.css GET no implementada"}
{"level":40,"time":1671150650821,"pid":20044,"hostname":"NB-006041","msg":"Ruta /favicon.ico GET no implementada"}
{"level":40,"time":1671150671271,"pid":20044,"hostname":"NB-006041","msg":"Ruta /css/style.css GET no implementada"}
{"level":40,"time":1671150671576,"pid":20044,"hostname":"NB-006041","msg":"Ruta /favicon.ico GET no implementada"}
{"level":40,"time":1671212931825,"pid":24160,"hostname":"NB-006041","msg":"Ruta /css/style.css GET no implementada"}
{"level":40,"time":1671212932649,"pid":24160,"hostname":"NB-006041","msg":"Ruta /favicon.ico GET no implementada"}
{"level":40,"time":1671212936126,"pid":24160,"hostname":"NB-006041","msg":"Ruta /socket.io/socket.io.js GET no implementada"}
{"level":40,"time":1671212936130,"pid":24160,"hostname":"NB-006041","msg":"Ruta /css/style.css GET no implementada"}
{"level":40,"time":1671212936273,"pid":24160,"hostname":"NB-006041","msg":"Ruta /js/index.js GET no implementada"}
{"level":40,"time":1671212936277,"pid":24160,"hostname":"NB-006041","msg":"Ruta /public/assets/img/sinfoto.jpg GET no implementada"}
{"level":40,"time":1671212936584,"pid":24160,"hostname":"NB-006041","msg":"Ruta /favicon.ico GET no implementada"}
{"level":40,"time":1671212967812,"pid":24160,"hostname":"NB-006041","msg":"Ruta /favicon.ico GET no implementada"}
{"level":40,"time":1671213514618,"pid":28580,"hostname":"NB-006041","msg":"Ruta /css/style.css GET no implementada"}
{"level":40,"time":1671213515287,"pid":28580,"hostname":"NB-006041","msg":"Ruta /favicon.ico GET no implementada"}
{"level":40,"time":1671213519380,"pid":28580,"hostname":"NB-006041","msg":"Ruta /public/assets/img/sinfoto.jpg GET no implementada"}
{"level":40,"time":1671213519385,"pid":28580,"hostname":"NB-006041","msg":"Ruta /localhost:8080/public/assets/img/sinfoto.jpg GET no implementada"}
{"level":40,"time":1671213519646,"pid":28580,"hostname":"NB-006041","msg":"Ruta /favicon.ico GET no implementada"}
{"level":40,"time":1671213524336,"pid":28580,"hostname":"NB-006041","msg":"Ruta /css/style.css GET no implementada"}
{"level":40,"time":1671213524594,"pid":28580,"hostname":"NB-006041","msg":"Ruta /favicon.ico GET no implementada"}
{"level":40,"time":1671216516590,"pid":22212,"hostname":"NB-006041","msg":"Ruta /css/style.css GET no implementada"}
{"level":40,"time":1671216517370,"pid":22212,"hostname":"NB-006041","msg":"Ruta /favicon.ico GET no implementada"}
{"level":40,"time":1671216522020,"pid":22212,"hostname":"NB-006041","msg":"Ruta /public/assets/img/sinfoto.jpg GET no implementada"}
{"level":40,"time":1671216522032,"pid":22212,"hostname":"NB-006041","msg":"Ruta /localhost:8080/public/assets/img/sinfoto.jpg GET no implementada"}
{"level":40,"time":1671216522286,"pid":22212,"hostname":"NB-006041","msg":"Ruta /favicon.ico GET no implementada"}
{"level":40,"time":1671216527229,"pid":22212,"hostname":"NB-006041","msg":"Ruta /css/style.css GET no implementada"}
{"level":40,"time":1671216527283,"pid":22212,"hostname":"NB-006041","msg":"Ruta /js/index.js GET no implementada"}
{"level":40,"time":1671216527378,"pid":22212,"hostname":"NB-006041","msg":"Ruta /public/assets/img/sinfoto.jpg GET no implementada"}
{"level":40,"time":1671216527737,"pid":22212,"hostname":"NB-006041","msg":"Ruta /favicon.ico GET no implementada"}
{"level":40,"time":1671216610427,"pid":20576,"hostname":"NB-006041","msg":"Ruta /css/style.css GET no implementada"}
{"level":40,"time":1671216610713,"pid":20576,"hostname":"NB-006041","msg":"Ruta /favicon.ico GET no implementada"}
{"level":40,"time":1671216615903,"pid":20576,"hostname":"NB-006041","msg":"Ruta /public/assets/img/sinfoto.jpg GET no implementada"}
{"level":40,"time":1671216615915,"pid":20576,"hostname":"NB-006041","msg":"Ruta /localhost:8080/public/assets/img/sinfoto.jpg GET no implementada"}
{"level":40,"time":1671216616210,"pid":20576,"hostname":"NB-006041","msg":"Ruta /favicon.ico GET no implementada"}
{"level":40,"time":1671216621497,"pid":20576,"hostname":"NB-006041","msg":"Ruta /css/style.css GET no implementada"}
{"level":40,"time":1671216621547,"pid":20576,"hostname":"NB-006041","msg":"Ruta /js/index.js GET no implementada"}
{"level":40,"time":1671216621635,"pid":20576,"hostname":"NB-006041","msg":"Ruta /public/assets/img/sinfoto.jpg GET no implementada"}
{"level":40,"time":1671216621911,"pid":20576,"hostname":"NB-006041","msg":"Ruta /favicon.ico GET no implementada"}
{"level":40,"time":1671216649279,"pid":15804,"hostname":"NB-006041","msg":"Ruta /css/style.css GET no implementada"}
{"level":40,"time":1671216649344,"pid":15804,"hostname":"NB-006041","msg":"Ruta /js/index.js GET no implementada"}
{"level":40,"time":1671216649479,"pid":15804,"hostname":"NB-006041","msg":"Ruta /public/assets/img/sinfoto.jpg GET no implementada"}
{"level":40,"time":1671216649876,"pid":15804,"hostname":"NB-006041","msg":"Ruta /favicon.ico GET no implementada"}
{"level":40,"time":1671216653941,"pid":15804,"hostname":"NB-006041","msg":"Ruta /css/style.css GET no implementada"}
{"level":40,"time":1671216654001,"pid":15804,"hostname":"NB-006041","msg":"Ruta /js/index.js GET no implementada"}
{"level":40,"time":1671216654074,"pid":15804,"hostname":"NB-006041","msg":"Ruta /public/assets/img/sinfoto.jpg GET no implementada"}
{"level":40,"time":1671216654343,"pid":15804,"hostname":"NB-006041","msg":"Ruta /favicon.ico GET no implementada"}
{"level":40,"time":1671216693380,"pid":1068,"hostname":"NB-006041","msg":"Ruta /css/style.css GET no implementada"}
{"level":40,"time":1671216693729,"pid":1068,"hostname":"NB-006041","msg":"Ruta /favicon.ico GET no implementada"}
{"level":40,"time":1671216698768,"pid":1068,"hostname":"NB-006041","msg":"Ruta /public/assets/img/sinfoto.jpg GET no implementada"}
{"level":40,"time":1671216698777,"pid":1068,"hostname":"NB-006041","msg":"Ruta /localhost:8080/public/assets/img/sinfoto.jpg GET no implementada"}
{"level":40,"time":1671216699095,"pid":1068,"hostname":"NB-006041","msg":"Ruta /favicon.ico GET no implementada"}
{"level":40,"time":1671216704868,"pid":1068,"hostname":"NB-006041","msg":"Ruta /css/style.css GET no implementada"}
{"level":40,"time":1671216704913,"pid":1068,"hostname":"NB-006041","msg":"Ruta /js/index.js GET no implementada"}
{"level":40,"time":1671216705012,"pid":1068,"hostname":"NB-006041","msg":"Ruta /public/assets/img/sinfoto.jpg GET no implementada"}
{"level":40,"time":1671216705376,"pid":1068,"hostname":"NB-006041","msg":"Ruta /favicon.ico GET no implementada"}
{"level":40,"time":1671216782606,"pid":9144,"hostname":"NB-006041","msg":"Ruta /css/style.css GET no implementada"}
{"level":40,"time":1671216782941,"pid":9144,"hostname":"NB-006041","msg":"Ruta /favicon.ico GET no implementada"}
{"level":40,"time":1671216789759,"pid":9144,"hostname":"NB-006041","msg":"Ruta /public/assets/img/sinfoto.jpg GET no implementada"}
{"level":40,"time":1671216789770,"pid":9144,"hostname":"NB-006041","msg":"Ruta /localhost:8080/public/assets/img/sinfoto.jpg GET no implementada"}
{"level":40,"time":1671216790062,"pid":9144,"hostname":"NB-006041","msg":"Ruta /favicon.ico GET no implementada"}
{"level":40,"time":1671216794489,"pid":9144,"hostname":"NB-006041","msg":"Ruta /css/style.css GET no implementada"}
{"level":40,"time":1671216794701,"pid":9144,"hostname":"NB-006041","msg":"Ruta /public/assets/img/sinfoto.jpg GET no implementada"}
{"level":40,"time":1671216794725,"pid":9144,"hostname":"NB-006041","msg":"Ruta /js/index.js GET no implementada"}
{"level":40,"time":1671216795829,"pid":9144,"hostname":"NB-006041","msg":"Ruta /favicon.ico GET no implementada"}
{"level":40,"time":1671216894765,"pid":26500,"hostname":"NB-006041","msg":"Ruta /css/style.css GET no implementada"}
{"level":40,"time":1671216895115,"pid":26500,"hostname":"NB-006041","msg":"Ruta /favicon.ico GET no implementada"}
{"level":40,"time":1671216899568,"pid":26500,"hostname":"NB-006041","msg":"Ruta /public/assets/img/sinfoto.jpg GET no implementada"}
{"level":40,"time":1671216899574,"pid":26500,"hostname":"NB-006041","msg":"Ruta /localhost:8080/public/assets/img/sinfoto.jpg GET no implementada"}
{"level":40,"time":1671216899884,"pid":26500,"hostname":"NB-006041","msg":"Ruta /favicon.ico GET no implementada"}
{"level":40,"time":1671216903740,"pid":26500,"hostname":"NB-006041","msg":"Ruta /css/style.css GET no implementada"}
{"level":40,"time":1671216903867,"pid":26500,"hostname":"NB-006041","msg":"Ruta /js/index.js GET no implementada"}
{"level":40,"time":1671216903875,"pid":26500,"hostname":"NB-006041","msg":"Ruta /public/assets/img/sinfoto.jpg GET no implementada"}
{"level":40,"time":1671216904958,"pid":26500,"hostname":"NB-006041","msg":"Ruta /favicon.ico GET no implementada"}
{"level":40,"time":1671216908205,"pid":26500,"hostname":"NB-006041","msg":"Ruta /css/style.css GET no implementada"}
{"level":40,"time":1671217001595,"pid":26500,"hostname":"NB-006041","msg":"Ruta /css/style.css GET no implementada"}
{"level":40,"time":1671217002591,"pid":26500,"hostname":"NB-006041","msg":"Ruta /favicon.ico GET no implementada"}
{"level":40,"time":1671217006675,"pid":26500,"hostname":"NB-006041","msg":"Ruta /public/assets/img/sinfoto.jpg GET no implementada"}
{"level":40,"time":1671217007071,"pid":26500,"hostname":"NB-006041","msg":"Ruta /localhost:8080/public/assets/img/sinfoto.jpg GET no implementada"}
{"level":40,"time":1671217009109,"pid":26500,"hostname":"NB-006041","msg":"Ruta /favicon.ico GET no implementada"}
{"level":40,"time":1671217012545,"pid":26500,"hostname":"NB-006041","msg":"Ruta /css/style.css GET no implementada"}
{"level":40,"time":1671217012806,"pid":26500,"hostname":"NB-006041","msg":"Ruta /js/index.js GET no implementada"}
{"level":40,"time":1671217012822,"pid":26500,"hostname":"NB-006041","msg":"Ruta /public/assets/img/sinfoto.jpg GET no implementada"}
{"level":40,"time":1671217014017,"pid":26500,"hostname":"NB-006041","msg":"Ruta /favicon.ico GET no implementada"}
{"level":40,"time":1671217040672,"pid":26500,"hostname":"NB-006041","msg":"Ruta /css/style.css GET no implementada"}
{"level":40,"time":1671217040808,"pid":26500,"hostname":"NB-006041","msg":"Ruta /js/index.js GET no implementada"}
{"level":40,"time":1671217040868,"pid":26500,"hostname":"NB-006041","msg":"Ruta /public/assets/img/sinfoto.jpg GET no implementada"}
{"level":40,"time":1671217042001,"pid":26500,"hostname":"NB-006041","msg":"Ruta /favicon.ico GET no implementada"}
{"level":40,"time":1671217096155,"pid":23872,"hostname":"NB-006041","msg":"Ruta /css/style.css GET no implementada"}
{"level":40,"time":1671217097204,"pid":23872,"hostname":"NB-006041","msg":"Ruta /favicon.ico GET no implementada"}
{"level":40,"time":1671217101635,"pid":23872,"hostname":"NB-006041","msg":"Ruta /public/assets/img/sinfoto.jpg GET no implementada"}
{"level":40,"time":1671217101693,"pid":23872,"hostname":"NB-006041","msg":"Ruta /localhost:8080/public/assets/img/sinfoto.jpg GET no implementada"}
{"level":40,"time":1671217102661,"pid":23872,"hostname":"NB-006041","msg":"Ruta /favicon.ico GET no implementada"}
{"level":40,"time":1671217107532,"pid":23872,"hostname":"NB-006041","msg":"Ruta /css/style.css GET no implementada"}
{"level":40,"time":1671217107756,"pid":23872,"hostname":"NB-006041","msg":"Ruta /js/index.js GET no implementada"}
{"level":40,"time":1671217107778,"pid":23872,"hostname":"NB-006041","msg":"Ruta /public/assets/img/sinfoto.jpg GET no implementada"}
{"level":40,"time":1671217108873,"pid":23872,"hostname":"NB-006041","msg":"Ruta /favicon.ico GET no implementada"}
{"level":40,"time":1671217194719,"pid":23872,"hostname":"NB-006041","msg":"Ruta /css/style.css GET no implementada"}
{"level":40,"time":1671217195789,"pid":23872,"hostname":"NB-006041","msg":"Ruta /favicon.ico GET no implementada"}
{"level":40,"time":1671217201657,"pid":23872,"hostname":"NB-006041","msg":"Ruta /public/assets/img/sinfoto.jpg GET no implementada"}
{"level":40,"time":1671217201702,"pid":23872,"hostname":"NB-006041","msg":"Ruta /localhost:8080/public/assets/img/sinfoto.jpg GET no implementada"}
{"level":40,"time":1671217202701,"pid":23872,"hostname":"NB-006041","msg":"Ruta /favicon.ico GET no implementada"}
{"level":40,"time":1671217206783,"pid":23872,"hostname":"NB-006041","msg":"Ruta /css/style.css GET no implementada"}
{"level":40,"time":1671217206964,"pid":23872,"hostname":"NB-006041","msg":"Ruta /js/index.js GET no implementada"}
{"level":40,"time":1671217206968,"pid":23872,"hostname":"NB-006041","msg":"Ruta /public/assets/img/sinfoto.jpg GET no implementada"}
{"level":40,"time":1671217207903,"pid":23872,"hostname":"NB-006041","msg":"Ruta /favicon.ico GET no implementada"}
{"level":40,"time":1671217737822,"pid":24088,"hostname":"NB-006041","msg":"Ruta /css/style.css GET no implementada"}
{"level":40,"time":1671217738884,"pid":24088,"hostname":"NB-006041","msg":"Ruta /favicon.ico GET no implementada"}
{"level":40,"time":1671217742976,"pid":24088,"hostname":"NB-006041","msg":"Ruta /public/assets/img/sinfoto.jpg GET no implementada"}
{"level":40,"time":1671217743040,"pid":24088,"hostname":"NB-006041","msg":"Ruta /localhost:8080/public/assets/img/sinfoto.jpg GET no implementada"}
{"level":40,"time":1671217744097,"pid":24088,"hostname":"NB-006041","msg":"Ruta /favicon.ico GET no implementada"}
{"level":40,"time":1671217747919,"pid":24088,"hostname":"NB-006041","msg":"Ruta /css/style.css GET no implementada"}
{"level":40,"time":1671217748107,"pid":24088,"hostname":"NB-006041","msg":"Ruta /js/index.js GET no implementada"}
{"level":40,"time":1671217748111,"pid":24088,"hostname":"NB-006041","msg":"Ruta /public/assets/img/sinfoto.jpg GET no implementada"}
{"level":40,"time":1671217749065,"pid":24088,"hostname":"NB-006041","msg":"Ruta /favicon.ico GET no implementada"}
{"level":40,"time":1671217826287,"pid":24088,"hostname":"NB-006041","msg":"Ruta /css/style.css GET no implementada"}
{"level":40,"time":1671217827384,"pid":24088,"hostname":"NB-006041","msg":"Ruta /favicon.ico GET no implementada"}
{"level":40,"time":1671217836561,"pid":24088,"hostname":"NB-006041","msg":"Ruta /public/assets/img/sinfoto.jpg GET no implementada"}
{"level":40,"time":1671217836604,"pid":24088,"hostname":"NB-006041","msg":"Ruta /localhost:8080/public/assets/img/sinfoto.jpg GET no implementada"}
{"level":40,"time":1671217837672,"pid":24088,"hostname":"NB-006041","msg":"Ruta /favicon.ico GET no implementada"}
{"level":40,"time":1671217841205,"pid":24088,"hostname":"NB-006041","msg":"Ruta /css/style.css GET no implementada"}
{"level":40,"time":1671217841296,"pid":24088,"hostname":"NB-006041","msg":"Ruta /js/index.js GET no implementada"}
{"level":40,"time":1671217841342,"pid":24088,"hostname":"NB-006041","msg":"Ruta /public/assets/img/sinfoto.jpg GET no implementada"}
{"level":40,"time":1671217842245,"pid":24088,"hostname":"NB-006041","msg":"Ruta /favicon.ico GET no implementada"}
{"level":40,"time":1671217854443,"pid":24088,"hostname":"NB-006041","msg":"Ruta /css/style.css GET no implementada"}
{"level":40,"time":1671217854609,"pid":24088,"hostname":"NB-006041","msg":"Ruta /js/index.js GET no implementada"}
{"level":40,"time":1671217854672,"pid":24088,"hostname":"NB-006041","msg":"Ruta /public/assets/img/sinfoto.jpg GET no implementada"}
{"level":40,"time":1671217856437,"pid":24088,"hostname":"NB-006041","msg":"Ruta /favicon.ico GET no implementada"}
{"level":40,"time":1671218052365,"pid":26684,"hostname":"NB-006041","msg":"Ruta /css/style.css GET no implementada"}
{"level":40,"time":1671218053491,"pid":26684,"hostname":"NB-006041","msg":"Ruta /favicon.ico GET no implementada"}
{"level":40,"time":1671218058889,"pid":26684,"hostname":"NB-006041","msg":"Ruta /public/assets/img/sinfoto.jpg GET no implementada"}
{"level":40,"time":1671218058920,"pid":26684,"hostname":"NB-006041","msg":"Ruta /localhost:8080/public/assets/img/sinfoto.jpg GET no implementada"}
{"level":40,"time":1671218059675,"pid":26684,"hostname":"NB-006041","msg":"Ruta /favicon.ico GET no implementada"}
{"level":40,"time":1671218066669,"pid":26684,"hostname":"NB-006041","msg":"Ruta /css/style.css GET no implementada"}
{"level":40,"time":1671218066789,"pid":26684,"hostname":"NB-006041","msg":"Ruta /js/index.js GET no implementada"}
{"level":40,"time":1671218066806,"pid":26684,"hostname":"NB-006041","msg":"Ruta /public/assets/img/sinfoto.jpg GET no implementada"}
{"level":40,"time":1671218067766,"pid":26684,"hostname":"NB-006041","msg":"Ruta /favicon.ico GET no implementada"}
{"level":40,"time":1671218090144,"pid":27600,"hostname":"NB-006041","msg":"Ruta /css/style.css GET no implementada"}
{"level":40,"time":1671218090301,"pid":27600,"hostname":"NB-006041","msg":"Ruta /public/assets/img/sinfoto.jpg GET no implementada"}
{"level":40,"time":1671218090497,"pid":27600,"hostname":"NB-006041","msg":"Ruta /js/index.js GET no implementada"}
{"level":40,"time":1671218091425,"pid":27600,"hostname":"NB-006041","msg":"Ruta /favicon.ico GET no implementada"}
{"level":40,"time":1671218109787,"pid":4000,"hostname":"NB-006041","msg":"Ruta /css/style.css GET no implementada"}
{"level":40,"time":1671218109956,"pid":4000,"hostname":"NB-006041","msg":"Ruta /public/assets/img/sinfoto.jpg GET no implementada"}
{"level":40,"time":1671218110131,"pid":4000,"hostname":"NB-006041","msg":"Ruta /js/index.js GET no implementada"}
{"level":40,"time":1671218111036,"pid":4000,"hostname":"NB-006041","msg":"Ruta /favicon.ico GET no implementada"}
{"level":40,"time":1671218131498,"pid":26016,"hostname":"NB-006041","msg":"Ruta /css/style.css GET no implementada"}
{"level":40,"time":1671218132496,"pid":26016,"hostname":"NB-006041","msg":"Ruta /favicon.ico GET no implementada"}
{"level":40,"time":1671218140274,"pid":26016,"hostname":"NB-006041","msg":"Ruta /public/assets/img/sinfoto.jpg GET no implementada"}
{"level":40,"time":1671218140326,"pid":26016,"hostname":"NB-006041","msg":"Ruta /localhost:8080/public/assets/img/sinfoto.jpg GET no implementada"}
{"level":40,"time":1671218141227,"pid":26016,"hostname":"NB-006041","msg":"Ruta /favicon.ico GET no implementada"}
{"level":40,"time":1671218145650,"pid":26016,"hostname":"NB-006041","msg":"Ruta /css/style.css GET no implementada"}
{"level":40,"time":1671218145785,"pid":26016,"hostname":"NB-006041","msg":"Ruta /js/index.js GET no implementada"}
{"level":40,"time":1671218145795,"pid":26016,"hostname":"NB-006041","msg":"Ruta /public/assets/img/sinfoto.jpg GET no implementada"}
{"level":40,"time":1671218146698,"pid":26016,"hostname":"NB-006041","msg":"Ruta /favicon.ico GET no implementada"}
{"level":40,"time":1671218159453,"pid":5876,"hostname":"NB-006041","msg":"Ruta /css/style.css GET no implementada"}
{"level":40,"time":1671218159598,"pid":5876,"hostname":"NB-006041","msg":"Ruta /public/assets/img/sinfoto.jpg GET no implementada"}
{"level":40,"time":1671218159768,"pid":5876,"hostname":"NB-006041","msg":"Ruta /js/index.js GET no implementada"}
{"level":40,"time":1671218160636,"pid":5876,"hostname":"NB-006041","msg":"Ruta /favicon.ico GET no implementada"}
{"level":40,"time":1671218163148,"pid":5876,"hostname":"NB-006041","msg":"Ruta /css/style.css GET no implementada"}
{"level":40,"time":1671218163229,"pid":5876,"hostname":"NB-006041","msg":"Ruta /js/index.js GET no implementada"}
{"level":40,"time":1671218163288,"pid":5876,"hostname":"NB-006041","msg":"Ruta /public/assets/img/sinfoto.jpg GET no implementada"}
{"level":40,"time":1671218164203,"pid":5876,"hostname":"NB-006041","msg":"Ruta /favicon.ico GET no implementada"}
{"level":40,"time":1671218168432,"pid":5876,"hostname":"NB-006041","msg":"Ruta /public/assets/img/sinfoto.jpg GET no implementada"}
{"level":40,"time":1671218168487,"pid":5876,"hostname":"NB-006041","msg":"Ruta /localhost:8080/public/assets/img/sinfoto.jpg GET no implementada"}
{"level":40,"time":1671218169328,"pid":5876,"hostname":"NB-006041","msg":"Ruta /favicon.ico GET no implementada"}
{"level":40,"time":1671218173374,"pid":5876,"hostname":"NB-006041","msg":"Ruta /css/style.css GET no implementada"}
{"level":40,"time":1671218173491,"pid":5876,"hostname":"NB-006041","msg":"Ruta /js/index.js GET no implementada"}
{"level":40,"time":1671218173512,"pid":5876,"hostname":"NB-006041","msg":"Ruta /public/assets/img/sinfoto.jpg GET no implementada"}
{"level":40,"time":1671218174356,"pid":5876,"hostname":"NB-006041","msg":"Ruta /favicon.ico GET no implementada"}
{"level":40,"time":1671218195637,"pid":26932,"hostname":"NB-006041","msg":"Ruta /css/style.css GET no implementada"}
{"level":40,"time":1671218242800,"pid":25120,"hostname":"NB-006041","msg":"Ruta /css/style.css GET no implementada"}
{"level":40,"time":1671218243748,"pid":25120,"hostname":"NB-006041","msg":"Ruta /favicon.ico GET no implementada"}
{"level":40,"time":1671218248111,"pid":25120,"hostname":"NB-006041","msg":"Ruta /public/assets/img/sinfoto.jpg GET no implementada"}
{"level":40,"time":1671218248172,"pid":25120,"hostname":"NB-006041","msg":"Ruta /localhost:8080/public/assets/img/sinfoto.jpg GET no implementada"}
{"level":40,"time":1671218249109,"pid":25120,"hostname":"NB-006041","msg":"Ruta /favicon.ico GET no implementada"}
{"level":40,"time":1671218252574,"pid":25120,"hostname":"NB-006041","msg":"Ruta /css/style.css GET no implementada"}
{"level":40,"time":1671218252669,"pid":25120,"hostname":"NB-006041","msg":"Ruta /js/index.js GET no implementada"}
{"level":40,"time":1671218252698,"pid":25120,"hostname":"NB-006041","msg":"Ruta /public/assets/img/sinfoto.jpg GET no implementada"}
{"level":40,"time":1671218253613,"pid":25120,"hostname":"NB-006041","msg":"Ruta /favicon.ico GET no implementada"}
{"level":40,"time":1671218657705,"pid":25120,"hostname":"NB-006041","msg":"Ruta /css/style.css GET no implementada"}
{"level":40,"time":1671218658596,"pid":25120,"hostname":"NB-006041","msg":"Ruta /favicon.ico GET no implementada"}
{"level":40,"time":1671218662082,"pid":25120,"hostname":"NB-006041","msg":"Ruta /public/assets/img/sinfoto.jpg GET no implementada"}
{"level":40,"time":1671218662128,"pid":25120,"hostname":"NB-006041","msg":"Ruta /localhost:8080/public/assets/img/sinfoto.jpg GET no implementada"}
{"level":40,"time":1671218662983,"pid":25120,"hostname":"NB-006041","msg":"Ruta /favicon.ico GET no implementada"}
{"level":40,"time":1671218666847,"pid":25120,"hostname":"NB-006041","msg":"Ruta /css/style.css GET no implementada"}
{"level":40,"time":1671218666949,"pid":25120,"hostname":"NB-006041","msg":"Ruta /js/index.js GET no implementada"}
{"level":40,"time":1671218666983,"pid":25120,"hostname":"NB-006041","msg":"Ruta /public/assets/img/sinfoto.jpg GET no implementada"}
{"level":40,"time":1671218667886,"pid":25120,"hostname":"NB-006041","msg":"Ruta /favicon.ico GET no implementada"}
{"level":40,"time":1671218696531,"pid":25120,"hostname":"NB-006041","msg":"Ruta /css/style.css GET no implementada"}
{"level":40,"time":1671218702474,"pid":25120,"hostname":"NB-006041","msg":"Ruta /css/style.css GET no implementada"}
{"level":40,"time":1671218702548,"pid":25120,"hostname":"NB-006041","msg":"Ruta /js/index.js GET no implementada"}
{"level":40,"time":1671218702609,"pid":25120,"hostname":"NB-006041","msg":"Ruta /public/assets/img/sinfoto.jpg GET no implementada"}
{"level":40,"time":1671218703439,"pid":25120,"hostname":"NB-006041","msg":"Ruta /favicon.ico GET no implementada"}
{"level":40,"time":1671219877938,"pid":26908,"hostname":"NB-006041","msg":"Ruta /css/style.css GET no implementada"}
{"level":40,"time":1671219878973,"pid":26908,"hostname":"NB-006041","msg":"Ruta /favicon.ico GET no implementada"}
{"level":40,"time":1671219882606,"pid":26908,"hostname":"NB-006041","msg":"Ruta /public/assets/img/sinfoto.jpg GET no implementada"}
{"level":40,"time":1671219882673,"pid":26908,"hostname":"NB-006041","msg":"Ruta /localhost:8080/public/assets/img/sinfoto.jpg GET no implementada"}
{"level":40,"time":1671219883798,"pid":26908,"hostname":"NB-006041","msg":"Ruta /favicon.ico GET no implementada"}
{"level":40,"time":1671219887833,"pid":26908,"hostname":"NB-006041","msg":"Ruta /css/style.css GET no implementada"}
{"level":40,"time":1671219887934,"pid":26908,"hostname":"NB-006041","msg":"Ruta /js/index.js GET no implementada"}
{"level":40,"time":1671219887965,"pid":26908,"hostname":"NB-006041","msg":"Ruta /public/assets/img/sinfoto.jpg GET no implementada"}
{"level":40,"time":1671219889005,"pid":26908,"hostname":"NB-006041","msg":"Ruta /favicon.ico GET no implementada"}
{"level":40,"time":1671219948778,"pid":25528,"hostname":"NB-006041","msg":"Ruta /css/style.css GET no implementada"}
{"level":40,"time":1671219949934,"pid":25528,"hostname":"NB-006041","msg":"Ruta /favicon.ico GET no implementada"}
{"level":40,"time":1671219955249,"pid":25528,"hostname":"NB-006041","msg":"Ruta /public/assets/img/sinfoto.jpg GET no implementada"}
{"level":40,"time":1671219955312,"pid":25528,"hostname":"NB-006041","msg":"Ruta /localhost:8080/public/assets/img/sinfoto.jpg GET no implementada"}
{"level":40,"time":1671219956273,"pid":25528,"hostname":"NB-006041","msg":"Ruta /favicon.ico GET no implementada"}
{"level":40,"time":1671219963255,"pid":25528,"hostname":"NB-006041","msg":"Ruta /css/style.css GET no implementada"}
{"level":40,"time":1671219963389,"pid":25528,"hostname":"NB-006041","msg":"Ruta /js/index.js GET no implementada"}
{"level":40,"time":1671219963439,"pid":25528,"hostname":"NB-006041","msg":"Ruta /public/assets/img/sinfoto.jpg GET no implementada"}
{"level":40,"time":1671219964394,"pid":25528,"hostname":"NB-006041","msg":"Ruta /favicon.ico GET no implementada"}
{"level":40,"time":1671220067568,"pid":10668,"hostname":"NB-006041","msg":"Ruta /css/style.css GET no implementada"}
{"level":40,"time":1671220068793,"pid":10668,"hostname":"NB-006041","msg":"Ruta /favicon.ico GET no implementada"}
{"level":40,"time":1671220072741,"pid":10668,"hostname":"NB-006041","msg":"Ruta /public/assets/img/sinfoto.jpg GET no implementada"}
{"level":40,"time":1671220072780,"pid":10668,"hostname":"NB-006041","msg":"Ruta /localhost:8080/public/assets/img/sinfoto.jpg GET no implementada"}
{"level":40,"time":1671220073765,"pid":10668,"hostname":"NB-006041","msg":"Ruta /favicon.ico GET no implementada"}
{"level":40,"time":1671220077891,"pid":10668,"hostname":"NB-006041","msg":"Ruta /css/style.css GET no implementada"}
{"level":40,"time":1671220077979,"pid":10668,"hostname":"NB-006041","msg":"Ruta /js/index.js GET no implementada"}
{"level":40,"time":1671220078078,"pid":10668,"hostname":"NB-006041","msg":"Ruta /public/assets/img/sinfoto.jpg GET no implementada"}
{"level":40,"time":1671220078982,"pid":10668,"hostname":"NB-006041","msg":"Ruta /favicon.ico GET no implementada"}
{"level":40,"time":1671221592768,"pid":27680,"hostname":"NB-006041","msg":"Ruta /css/style.css GET no implementada"}
{"level":40,"time":1671221602055,"pid":27680,"hostname":"NB-006041","msg":"Ruta /public/assets/img/sinfoto.jpg GET no implementada"}
{"level":40,"time":1671221602062,"pid":27680,"hostname":"NB-006041","msg":"Ruta /localhost:8080/public/assets/img/sinfoto.jpg GET no implementada"}
{"level":40,"time":1671221614551,"pid":27680,"hostname":"NB-006041","msg":"Ruta /ingresar GET no implementada"}
{"level":40,"time":1671221652610,"pid":18340,"hostname":"NB-006041","msg":"Ruta /js/index.js GET no implementada"}
{"level":40,"time":1671221652808,"pid":18340,"hostname":"NB-006041","msg":"Ruta /public/assets/img/sinfoto.jpg GET no implementada"}
{"level":40,"time":1671221654325,"pid":18340,"hostname":"NB-006041","msg":"Ruta /css/style.css GET no implementada"}
{"level":40,"time":1671221661039,"pid":18340,"hostname":"NB-006041","msg":"Ruta /css/style.css GET no implementada"}
{"level":40,"time":1671221732108,"pid":18340,"hostname":"NB-006041","msg":"Ruta /css/style.css GET no implementada"}
{"level":40,"time":1671221738068,"pid":18340,"hostname":"NB-006041","msg":"Ruta /css/style.css GET no implementada"}
{"level":40,"time":1671221738190,"pid":18340,"hostname":"NB-006041","msg":"Ruta /js/index.js GET no implementada"}
{"level":40,"time":1671221738213,"pid":18340,"hostname":"NB-006041","msg":"Ruta /public/assets/img/sinfoto.jpg GET no implementada"}
{"level":40,"time":1671222297302,"pid":18340,"hostname":"NB-006041","msg":"Ruta /css/style.css GET no implementada"}
{"level":40,"time":1671222302018,"pid":18340,"hostname":"NB-006041","msg":"Ruta /css/style.css GET no implementada"}
{"level":40,"time":1671222302140,"pid":18340,"hostname":"NB-006041","msg":"Ruta /js/index.js GET no implementada"}
{"level":40,"time":1671222302145,"pid":18340,"hostname":"NB-006041","msg":"Ruta /public/assets/img/sinfoto.jpg GET no implementada"}
{"level":40,"time":1671222741855,"pid":25652,"hostname":"NB-006041","msg":"Ruta /socket.io GET no implementada"}
{"level":40,"time":1671222835917,"pid":3548,"hostname":"NB-006041","msg":"Ruta /css/style.css GET no implementada"}
{"level":40,"time":1671222840696,"pid":3548,"hostname":"NB-006041","msg":"Ruta /css/style.css GET no implementada"}
{"level":40,"time":1671222840825,"pid":3548,"hostname":"NB-006041","msg":"Ruta /js/index.js GET no implementada"}
{"level":40,"time":1671222840855,"pid":3548,"hostname":"NB-006041","msg":"Ruta /public/assets/img/sinfoto.jpg GET no implementada"}
{"level":40,"time":1671222892428,"pid":25468,"hostname":"NB-006041","msg":"Ruta /css/style.css GET no implementada"}
{"level":40,"time":1671222892581,"pid":25468,"hostname":"NB-006041","msg":"Ruta /public/assets/img/sinfoto.jpg GET no implementada"}
{"level":40,"time":1671222892753,"pid":25468,"hostname":"NB-006041","msg":"Ruta /js/index.js GET no implementada"}
{"level":40,"time":1671222910672,"pid":14400,"hostname":"NB-006041","msg":"Ruta /css/style.css GET no implementada"}
{"level":40,"time":1671222922896,"pid":14400,"hostname":"NB-006041","msg":"Ruta /css/style.css GET no implementada"}
{"level":40,"time":1671222923011,"pid":14400,"hostname":"NB-006041","msg":"Ruta /js/index.js GET no implementada"}
{"level":40,"time":1671222923032,"pid":14400,"hostname":"NB-006041","msg":"Ruta /public/assets/img/sinfoto.jpg GET no implementada"}
{"level":40,"time":1671223206699,"pid":14400,"hostname":"NB-006041","msg":"Ruta /css/style.css GET no implementada"}
